This file contains any messages produced by compilers while
running configure, to aid debugging if configure makes a mistake.

It was created by libpqxx configure 4.0, which was
generated by GNU Autoconf 2.68.  Invocation command line was

  $ ./configure 

## --------- ##
## Platform. ##
## --------- ##

hostname = xnpio-Satellite-U40t-A
uname -m = x86_64
uname -r = 4.4.0-57-generic
uname -s = Linux
uname -v = #78-Ubuntu SMP Fri Dec 9 23:50:32 UTC 2016

/usr/bin/uname -p = unknown
/bin/uname -X     = unknown

/bin/arch              = unknown
/usr/bin/arch -k       = unknown
/usr/convex/getsysinfo = unknown
/usr/bin/hostinfo      = unknown
/bin/machine           = unknown
/usr/bin/oslevel       = unknown
/bin/universe          = unknown

PATH: /home/xnpio/Descargas/google-cloud-sdk/bin
PATH: /usr/local/heroku/bin
PATH: /usr/local/sbin
PATH: /usr/local/bin
PATH: /usr/sbin
PATH: /usr/bin
PATH: /sbin
PATH: /bin
PATH: /usr/games
PATH: /usr/local/games
PATH: /snap/bin


## ----------- ##
## Core tests. ##
## ----------- ##

configure:2438: checking for a BSD-compatible install
configure:2506: result: /usr/bin/install -c
configure:2517: checking whether build environment is sane
configure:2567: result: yes
configure:2708: checking for a thread-safe mkdir -p
configure:2747: result: /bin/mkdir -p
configure:2760: checking for gawk
configure:2790: result: no
configure:2760: checking for mawk
configure:2776: found /usr/bin/mawk
configure:2787: result: mawk
configure:2798: checking whether make sets $(MAKE)
configure:2820: result: yes
configure:2976: checking for g++
configure:2992: found /usr/bin/g++
configure:3003: result: g++
configure:3030: checking for C++ compiler version
configure:3039: g++ --version >&5
g++ (Ubuntu 5.4.0-6ubuntu1~16.04.4) 5.4.0 20160609
Copyright (C) 2015 Free Software Foundation, Inc.
This is free software; see the source for copying conditions.  There is NO
warranty; not even for MERCHANTABILITY or FITNESS FOR A PARTICULAR PURPOSE.

configure:3050: $? = 0
configure:3039: g++ -v >&5
Using built-in specs.
COLLECT_GCC=g++
COLLECT_LTO_WRAPPER=/usr/lib/gcc/x86_64-linux-gnu/5/lto-wrapper
Target: x86_64-linux-gnu
Configured with: ../src/configure -v --with-pkgversion='Ubuntu 5.4.0-6ubuntu1~16.04.4' --with-bugurl=file:///usr/share/doc/gcc-5/README.Bugs --enable-languages=c,ada,c++,java,go,d,fortran,objc,obj-c++ --prefix=/usr --program-suffix=-5 --enable-shared --enable-linker-build-id --libexecdir=/usr/lib --without-included-gettext --enable-threads=posix --libdir=/usr/lib --enable-nls --with-sysroot=/ --enable-clocale=gnu --enable-libstdcxx-debug --enable-libstdcxx-time=yes --with-default-libstdcxx-abi=new --enable-gnu-unique-object --disable-vtable-verify --enable-libmpx --enable-plugin --with-system-zlib --disable-browser-plugin --enable-java-awt=gtk --enable-gtk-cairo --with-java-home=/usr/lib/jvm/java-1.5.0-gcj-5-amd64/jre --enable-java-home --with-jvm-root-dir=/usr/lib/jvm/java-1.5.0-gcj-5-amd64 --with-jvm-jar-dir=/usr/lib/jvm-exports/java-1.5.0-gcj-5-amd64 --with-arch-directory=amd64 --with-ecj-jar=/usr/share/java/eclipse-ecj.jar --enable-objc-gc --enable-multiarch --disable-werror --with-arch-32=i686 --with-abi=m64 --with-multilib-list=m32,m64,mx32 --enable-multilib --with-tune=generic --enable-checking=release --build=x86_64-linux-gnu --host=x86_64-linux-gnu --target=x86_64-linux-gnu
Thread model: posix
gcc version 5.4.0 20160609 (Ubuntu 5.4.0-6ubuntu1~16.04.4) 
configure:3050: $? = 0
configure:3039: g++ -V >&5
g++: error: unrecognized command line option '-V'
g++: fatal error: no input files
compilation terminated.
configure:3050: $? = 1
configure:3039: g++ -qversion >&5
g++: error: unrecognized command line option '-qversion'
g++: fatal error: no input files
compilation terminated.
configure:3050: $? = 1
configure:3070: checking whether the C++ compiler works
configure:3092: g++    conftest.cpp  >&5
configure:3096: $? = 0
configure:3144: result: yes
configure:3147: checking for C++ compiler default output file name
configure:3149: result: a.out
configure:3155: checking for suffix of executables
configure:3162: g++ -o conftest    conftest.cpp  >&5
configure:3166: $? = 0
configure:3188: result: 
configure:3210: checking whether we are cross compiling
configure:3218: g++ -o conftest    conftest.cpp  >&5
configure:3222: $? = 0
configure:3229: ./conftest
configure:3233: $? = 0
configure:3248: result: no
configure:3253: checking for suffix of object files
configure:3275: g++ -c   conftest.cpp >&5
configure:3279: $? = 0
configure:3300: result: o
configure:3304: checking whether we are using the GNU C++ compiler
configure:3323: g++ -c   conftest.cpp >&5
configure:3323: $? = 0
configure:3332: result: yes
configure:3341: checking whether g++ accepts -g
configure:3361: g++ -c -g  conftest.cpp >&5
configure:3361: $? = 0
configure:3402: result: yes
configure:3436: checking for style of include used by make
configure:3464: result: GNU
configure:3489: checking dependency style of g++
configure:3599: result: gcc3
configure:3662: checking for gcc
configure:3678: found /usr/bin/gcc
configure:3689: result: gcc
configure:3918: checking for C compiler version
configure:3927: gcc --version >&5
gcc (Ubuntu 5.4.0-6ubuntu1~16.04.4) 5.4.0 20160609
Copyright (C) 2015 Free Software Foundation, Inc.
This is free software; see the source for copying conditions.  There is NO
warranty; not even for MERCHANTABILITY or FITNESS FOR A PARTICULAR PURPOSE.

configure:3938: $? = 0
configure:3927: gcc -v >&5
Using built-in specs.
COLLECT_GCC=gcc
COLLECT_LTO_WRAPPER=/usr/lib/gcc/x86_64-linux-gnu/5/lto-wrapper
Target: x86_64-linux-gnu
Configured with: ../src/configure -v --with-pkgversion='Ubuntu 5.4.0-6ubuntu1~16.04.4' --with-bugurl=file:///usr/share/doc/gcc-5/README.Bugs --enable-languages=c,ada,c++,java,go,d,fortran,objc,obj-c++ --prefix=/usr --program-suffix=-5 --enable-shared --enable-linker-build-id --libexecdir=/usr/lib --without-included-gettext --enable-threads=posix --libdir=/usr/lib --enable-nls --with-sysroot=/ --enable-clocale=gnu --enable-libstdcxx-debug --enable-libstdcxx-time=yes --with-default-libstdcxx-abi=new --enable-gnu-unique-object --disable-vtable-verify --enable-libmpx --enable-plugin --with-system-zlib --disable-browser-plugin --enable-java-awt=gtk --enable-gtk-cairo --with-java-home=/usr/lib/jvm/java-1.5.0-gcj-5-amd64/jre --enable-java-home --with-jvm-root-dir=/usr/lib/jvm/java-1.5.0-gcj-5-amd64 --with-jvm-jar-dir=/usr/lib/jvm-exports/java-1.5.0-gcj-5-amd64 --with-arch-directory=amd64 --with-ecj-jar=/usr/share/java/eclipse-ecj.jar --enable-objc-gc --enable-multiarch --disable-werror --with-arch-32=i686 --with-abi=m64 --with-multilib-list=m32,m64,mx32 --enable-multilib --with-tune=generic --enable-checking=release --build=x86_64-linux-gnu --host=x86_64-linux-gnu --target=x86_64-linux-gnu
Thread model: posix
gcc version 5.4.0 20160609 (Ubuntu 5.4.0-6ubuntu1~16.04.4) 
configure:3938: $? = 0
configure:3927: gcc -V >&5
gcc: error: unrecognized command line option '-V'
gcc: fatal error: no input files
compilation terminated.
configure:3938: $? = 1
configure:3927: gcc -qversion >&5
gcc: error: unrecognized command line option '-qversion'
gcc: fatal error: no input files
compilation terminated.
configure:3938: $? = 1
configure:3942: checking whether we are using the GNU C compiler
configure:3961: gcc -c   conftest.c >&5
configure:3961: $? = 0
configure:3970: result: yes
configure:3979: checking whether gcc accepts -g
configure:3999: gcc -c -g  conftest.c >&5
configure:3999: $? = 0
configure:4040: result: yes
configure:4057: checking for gcc option to accept ISO C89
configure:4121: gcc  -c -g -O2  conftest.c >&5
configure:4121: $? = 0
configure:4134: result: none needed
configure:4156: checking dependency style of gcc
configure:4266: result: gcc3
configure:4342: checking build system type
configure:4356: result: x86_64-unknown-linux-gnu
configure:4376: checking host system type
configure:4389: result: x86_64-unknown-linux-gnu
configure:4430: checking how to print strings
configure:4457: result: printf
configure:4478: checking for a sed that does not truncate output
configure:4542: result: /bin/sed
configure:4560: checking for grep that handles long lines and -e
configure:4618: result: /bin/grep
configure:4623: checking for egrep
configure:4685: result: /bin/grep -E
configure:4690: checking for fgrep
configure:4752: result: /bin/grep -F
configure:4787: checking for ld used by gcc
configure:4854: result: /usr/bin/ld
configure:4861: checking if the linker (/usr/bin/ld) is GNU ld
configure:4876: result: yes
configure:4888: checking for BSD- or MS-compatible name lister (nm)
configure:4937: result: /usr/bin/nm -B
configure:5067: checking the name lister (/usr/bin/nm -B) interface
configure:5074: g++ -c -g -O2  conftest.cpp >&5
configure:5077: /usr/bin/nm -B "conftest.o"
configure:5080: output
0000000000000000 B some_variable
configure:5087: result: BSD nm
configure:5090: checking whether ln -s works
configure:5094: result: yes
configure:5102: checking the maximum length of command line arguments
configure:5227: result: 1572864
configure:5244: checking whether the shell understands some XSI constructs
configure:5254: result: yes
configure:5258: checking whether the shell understands "+="
configure:5264: result: yes
configure:5299: checking how to convert x86_64-unknown-linux-gnu file names to x86_64-unknown-linux-gnu format
configure:5339: result: func_convert_file_noop
configure:5346: checking how to convert x86_64-unknown-linux-gnu file names to toolchain format
configure:5366: result: func_convert_file_noop
configure:5373: checking for /usr/bin/ld option to reload object files
configure:5380: result: -r
configure:5454: checking for objdump
configure:5470: found /usr/bin/objdump
configure:5481: result: objdump
configure:5513: checking how to recognize dependent libraries
configure:5715: result: pass_all
configure:5800: checking for dlltool
configure:5830: result: no
configure:5860: checking how to associate runtime and link libraries
configure:5887: result: printf %s\n
configure:5948: checking for ar
configure:5964: found /usr/bin/ar
configure:5975: result: ar
configure:6012: checking for archiver @FILE support
configure:6029: g++ -c -g -O2  conftest.cpp >&5
configure:6029: $? = 0
configure:6032: ar cru libconftest.a @conftest.lst >&5
ar: `u' modifier ignored since `D' is the default (see `U')
configure:6035: $? = 0
configure:6040: ar cru libconftest.a @conftest.lst >&5
ar: `u' modifier ignored since `D' is the default (see `U')
ar: conftest.o: No such file or directory
configure:6043: $? = 1
configure:6055: result: @
configure:6113: checking for strip
configure:6129: found /usr/bin/strip
configure:6140: result: strip
configure:6212: checking for ranlib
configure:6228: found /usr/bin/ranlib
configure:6239: result: ranlib
configure:6341: checking command to parse /usr/bin/nm -B output from gcc object
configure:6460: g++ -c -g -O2  conftest.cpp >&5
configure:6463: $? = 0
configure:6467: /usr/bin/nm -B conftest.o \| sed -n -e 's/^.*[ ]\([ABCDGIRSTW][ABCDGIRSTW]*\)[ ][ ]*\([_A-Za-z][_A-Za-z0-9]*\)$/\1 \2 \2/p' | sed '/ __gnu_lto/d' \> conftest.nm
configure:6470: $? = 0
configure:6536: g++ -o conftest -g -O2   conftest.cpp conftstm.o >&5
configure:6539: $? = 0
configure:6577: result: ok
configure:6614: checking for sysroot
configure:6644: result: no
configure:6722: g++ -c -g -O2  conftest.cpp >&5
configure:6725: $? = 0
configure:6888: checking for mt
configure:6904: found /bin/mt
configure:6915: result: mt
configure:6938: checking if mt is a manifest tool
configure:6944: mt '-?'
configure:6952: result: no
configure:7584: checking how to run the C preprocessor
configure:7615: gcc -E  conftest.c
configure:7615: $? = 0
configure:7629: gcc -E  conftest.c
conftest.c:11:28: fatal error: ac_nonexistent.h: No such file or directory
compilation terminated.
configure:7629: $? = 1
configure: failed program was:
| /* confdefs.h */
| #define PACKAGE_NAME "libpqxx"
| #define PACKAGE_TARNAME "libpqxx"
| #define PACKAGE_VERSION "4.0"
| #define PACKAGE_STRING "libpqxx 4.0"
| #define PACKAGE_BUGREPORT "Jeroen T. Vermeulen <jtv@xs4all.nl>"
| #define PACKAGE_URL ""
| #define PACKAGE "libpqxx"
| #define VERSION "4.0"
| /* end confdefs.h.  */
| #include <ac_nonexistent.h>
configure:7654: result: gcc -E
configure:7674: gcc -E  conftest.c
configure:7674: $? = 0
configure:7688: gcc -E  conftest.c
conftest.c:11:28: fatal error: ac_nonexistent.h: No such file or directory
compilation terminated.
configure:7688: $? = 1
configure: failed program was:
| /* confdefs.h */
| #define PACKAGE_NAME "libpqxx"
| #define PACKAGE_TARNAME "libpqxx"
| #define PACKAGE_VERSION "4.0"
| #define PACKAGE_STRING "libpqxx 4.0"
| #define PACKAGE_BUGREPORT "Jeroen T. Vermeulen <jtv@xs4all.nl>"
| #define PACKAGE_URL ""
| #define PACKAGE "libpqxx"
| #define VERSION "4.0"
| /* end confdefs.h.  */
| #include <ac_nonexistent.h>
configure:7717: checking for ANSI C header files
configure:7737: gcc -c -g -O2  conftest.c >&5
configure:7737: $? = 0
configure:7810: gcc -o conftest -g -O2   conftest.c  >&5
configure:7810: $? = 0
configure:7810: ./conftest
configure:7810: $? = 0
configure:7821: result: yes
configure:7834: checking for sys/types.h
configure:7834: gcc -c -g -O2  conftest.c >&5
configure:7834: $? = 0
configure:7834: result: yes
configure:7834: checking for sys/stat.h
configure:7834: gcc -c -g -O2  conftest.c >&5
configure:7834: $? = 0
configure:7834: result: yes
configure:7834: checking for stdlib.h
configure:7834: gcc -c -g -O2  conftest.c >&5
configure:7834: $? = 0
configure:7834: result: yes
configure:7834: checking for string.h
configure:7834: gcc -c -g -O2  conftest.c >&5
configure:7834: $? = 0
configure:7834: result: yes
configure:7834: checking for memory.h
configure:7834: gcc -c -g -O2  conftest.c >&5
configure:7834: $? = 0
configure:7834: result: yes
configure:7834: checking for strings.h
configure:7834: gcc -c -g -O2  conftest.c >&5
configure:7834: $? = 0
configure:7834: result: yes
configure:7834: checking for inttypes.h
configure:7834: gcc -c -g -O2  conftest.c >&5
configure:7834: $? = 0
configure:7834: result: yes
configure:7834: checking for stdint.h
configure:7834: gcc -c -g -O2  conftest.c >&5
configure:7834: $? = 0
configure:7834: result: yes
configure:7834: checking for unistd.h
configure:7834: gcc -c -g -O2  conftest.c >&5
configure:7834: $? = 0
configure:7834: result: yes
configure:7848: checking for dlfcn.h
configure:7848: gcc -c -g -O2  conftest.c >&5
configure:7848: $? = 0
configure:7848: result: yes
configure:8015: checking for objdir
configure:8030: result: .libs
configure:8301: checking if gcc supports -fno-rtti -fno-exceptions
configure:8319: gcc -c -g -O2  -fno-rtti -fno-exceptions conftest.c >&5
cc1: warning: command line option '-fno-rtti' is valid for C++/ObjC++ but not for C
configure:8323: $? = 0
configure:8336: result: no
configure:8646: checking for gcc option to produce PIC
configure:8653: result: -fPIC -DPIC
configure:8661: checking if gcc PIC flag -fPIC -DPIC works
configure:8679: gcc -c -g -O2  -fPIC -DPIC -DPIC conftest.c >&5
configure:8683: $? = 0
configure:8696: result: yes
configure:8725: checking if gcc static flag -static works
configure:8753: result: yes
configure:8768: checking if gcc supports -c -o file.o
configure:8789: gcc -c -g -O2  -o out/conftest2.o conftest.c >&5
configure:8793: $? = 0
configure:8815: result: yes
configure:8823: checking if gcc supports -c -o file.o
configure:8870: result: yes
configure:8903: checking whether the gcc linker (/usr/bin/ld -m elf_x86_64) supports shared libraries
configure:10065: result: yes
configure:10310: checking dynamic linker characteristics
configure:10825: gcc -o conftest -g -O2   -Wl,-rpath -Wl,/foo conftest.c  >&5
configure:10825: $? = 0
configure:11059: result: GNU/Linux ld.so
configure:11166: checking how to hardcode library paths into programs
configure:11191: result: immediate
configure:11731: checking whether stripping libraries is possible
configure:11736: result: yes
configure:11771: checking if libtool supports shared libraries
configure:11773: result: yes
configure:11776: checking whether to build shared libraries
configure:11797: result: no
configure:11800: checking whether to build static libraries
configure:11804: result: yes
configure:11827: checking how to run the C++ preprocessor
configure:11854: g++ -E  conftest.cpp
configure:11854: $? = 0
configure:11868: g++ -E  conftest.cpp
conftest.cpp:23:28: fatal error: ac_nonexistent.h: No such file or directory
compilation terminated.
configure:11868: $? = 1
configure: failed program was:
| /* confdefs.h */
| #define PACKAGE_NAME "libpqxx"
| #define PACKAGE_TARNAME "libpqxx"
| #define PACKAGE_VERSION "4.0"
| #define PACKAGE_STRING "libpqxx 4.0"
| #define PACKAGE_BUGREPORT "Jeroen T. Vermeulen <jtv@xs4all.nl>"
| #define PACKAGE_URL ""
| #define PACKAGE "libpqxx"
| #define VERSION "4.0"
| #define STDC_HEADERS 1
| #define HAVE_SYS_TYPES_H 1
| #define HAVE_SYS_STAT_H 1
| #define HAVE_STDLIB_H 1
| #define HAVE_STRING_H 1
| #define HAVE_MEMORY_H 1
| #define HAVE_STRINGS_H 1
| #define HAVE_INTTYPES_H 1
| #define HAVE_STDINT_H 1
| #define HAVE_UNISTD_H 1
| #define HAVE_DLFCN_H 1
| #define LT_OBJDIR ".libs/"
| /* end confdefs.h.  */
| #include <ac_nonexistent.h>
configure:11893: result: g++ -E
configure:11913: g++ -E  conftest.cpp
configure:11913: $? = 0
configure:11927: g++ -E  conftest.cpp
conftest.cpp:23:28: fatal error: ac_nonexistent.h: No such file or directory
compilation terminated.
configure:11927: $? = 1
configure: failed program was:
| /* confdefs.h */
| #define PACKAGE_NAME "libpqxx"
| #define PACKAGE_TARNAME "libpqxx"
| #define PACKAGE_VERSION "4.0"
| #define PACKAGE_STRING "libpqxx 4.0"
| #define PACKAGE_BUGREPORT "Jeroen T. Vermeulen <jtv@xs4all.nl>"
| #define PACKAGE_URL ""
| #define PACKAGE "libpqxx"
| #define VERSION "4.0"
| #define STDC_HEADERS 1
| #define HAVE_SYS_TYPES_H 1
| #define HAVE_SYS_STAT_H 1
| #define HAVE_STDLIB_H 1
| #define HAVE_STRING_H 1
| #define HAVE_MEMORY_H 1
| #define HAVE_STRINGS_H 1
| #define HAVE_INTTYPES_H 1
| #define HAVE_STDINT_H 1
| #define HAVE_UNISTD_H 1
| #define HAVE_DLFCN_H 1
| #define LT_OBJDIR ".libs/"
| /* end confdefs.h.  */
| #include <ac_nonexistent.h>
configure:12097: checking for ld used by g++
configure:12164: result: /usr/bin/ld -m elf_x86_64
configure:12171: checking if the linker (/usr/bin/ld -m elf_x86_64) is GNU ld
configure:12186: result: yes
configure:12241: checking whether the g++ linker (/usr/bin/ld -m elf_x86_64) supports shared libraries
configure:13245: result: yes
configure:13280: g++ -c -g -O2  conftest.cpp >&5
configure:13283: $? = 0
configure:13803: checking for g++ option to produce PIC
configure:13810: result: -fPIC -DPIC
configure:13818: checking if g++ PIC flag -fPIC -DPIC works
configure:13836: g++ -c -g -O2  -fPIC -DPIC -DPIC conftest.cpp >&5
configure:13840: $? = 0
configure:13853: result: yes
configure:13876: checking if g++ static flag -static works
configure:13904: result: yes
configure:13916: checking if g++ supports -c -o file.o
configure:13937: g++ -c -g -O2  -o out/conftest2.o conftest.cpp >&5
configure:13941: $? = 0
configure:13963: result: yes
configure:13968: checking if g++ supports -c -o file.o
configure:14015: result: yes
configure:14045: checking whether the g++ linker (/usr/bin/ld -m elf_x86_64) supports shared libraries
configure:14082: result: yes
configure:14225: checking dynamic linker characteristics
configure:14908: result: GNU/Linux ld.so
configure:14961: checking how to hardcode library paths into programs
configure:14986: result: immediate
configure:15045: checking whether make sets $(MAKE)
configure:15067: result: yes
configure:15078: checking for mkdir
configure:15096: found /bin/mkdir
configure:15108: result: /bin/mkdir
configure:15118: checking for pkg-config
configure:15136: found /usr/bin/pkg-config
configure:15148: result: /usr/bin/pkg-config
configure:15169: checking for doxygen
configure:15202: result: no
configure:15217: checking for dot
configure:15233: found /usr/bin/dot
configure:15245: result: YES
configure:15255: checking for xmlto
configure:15288: result: no
configure:15322: checking whether to enable maintainer-specific portions of Makefiles
configure:15331: result: no
configure:15346: checking maintainer mode
configure:15353: result: 
configure:15452: checking g++ visibility attribute
configure:15470: g++ -c -g -O2 -Werror  conftest.cpp >&5
configure:15470: $? = 0
configure:15478: result: yes
configure:15370: checking whether g++ accepts -fvisibility-inlines-hidden
configure:15383: g++ -c -g -O2 -Werror -fvisibility-inlines-hidden  conftest.cpp >&5
configure:15383: $? = 0
configure:15389: result: yes
configure:15490: checking g++ const attribute
configure:15504: g++ -c -g -O2  conftest.cpp >&5
configure:15504: $? = 0
configure:15512: result: yes
configure:15515: checking g++ deprecation attribute
configure:15529: g++ -c -g -O2  conftest.cpp >&5
configure:15529: $? = 0
configure:15537: result: yes
configure:15540: checking g++ noreturn attribute
configure:15559: g++ -c -g -O2  conftest.cpp >&5
configure:15559: $? = 0
configure:15567: result: yes
configure:15570: checking g++ pure attribute
configure:15584: g++ -c -g -O2  conftest.cpp >&5
configure:15584: $? = 0
configure:15592: result: yes
configure:15604: checking name of standard library namespace (normally "std")
configure:15625: g++ -c -g -O2  conftest.cpp >&5
configure:15625: $? = 0
configure:15637: result: ::std
configure:15648: checking boost/smart_ptr.hpp usability
configure:15648: g++ -c -g -O2  conftest.cpp >&5
conftest.cpp:62:31: fatal error: boost/smart_ptr.hpp: No such file or directory
compilation terminated.
configure:15648: $? = 1
configure: failed program was:
| /* confdefs.h */
| #define PACKAGE_NAME "libpqxx"
| #define PACKAGE_TARNAME "libpqxx"
| #define PACKAGE_VERSION "4.0"
| #define PACKAGE_STRING "libpqxx 4.0"
| #define PACKAGE_BUGREPORT "Jeroen T. Vermeulen <jtv@xs4all.nl>"
| #define PACKAGE_URL ""
| #define PACKAGE "libpqxx"
| #define VERSION "4.0"
| #define STDC_HEADERS 1
| #define HAVE_SYS_TYPES_H 1
| #define HAVE_SYS_STAT_H 1
| #define HAVE_STDLIB_H 1
| #define HAVE_STRING_H 1
| #define HAVE_MEMORY_H 1
| #define HAVE_STRINGS_H 1
| #define HAVE_INTTYPES_H 1
| #define HAVE_STDINT_H 1
| #define HAVE_UNISTD_H 1
| #define HAVE_DLFCN_H 1
| #define LT_OBJDIR ".libs/"
| #define PQXX_HAVE_GCC_VISIBILITY 1
| #define PQXX_HAVE_GCC_CONST 1
| #define PQXX_HAVE_GCC_DEPRECATED 1
| #define PQXX_HAVE_GCC_NORETURN 1
| #define PQXX_HAVE_GCC_PURE 1
| #define PGSTD std
| /* end confdefs.h.  */
| #include <stdio.h>
| #ifdef HAVE_SYS_TYPES_H
| # include <sys/types.h>
| #endif
| #ifdef HAVE_SYS_STAT_H
| # include <sys/stat.h>
| #endif
| #ifdef STDC_HEADERS
| # include <stdlib.h>
| # include <stddef.h>
| #else
| # ifdef HAVE_STDLIB_H
| #  include <stdlib.h>
| # endif
| #endif
| #ifdef HAVE_STRING_H
| # if !defined STDC_HEADERS && defined HAVE_MEMORY_H
| #  include <memory.h>
| # endif
| # include <string.h>
| #endif
| #ifdef HAVE_STRINGS_H
| # include <strings.h>
| #endif
| #ifdef HAVE_INTTYPES_H
| # include <inttypes.h>
| #endif
| #ifdef HAVE_STDINT_H
| # include <stdint.h>
| #endif
| #ifdef HAVE_UNISTD_H
| # include <unistd.h>
| #endif
| #include <boost/smart_ptr.hpp>
configure:15648: result: no
configure:15648: checking boost/smart_ptr.hpp presence
configure:15648: g++ -E  conftest.cpp
conftest.cpp:29:31: fatal error: boost/smart_ptr.hpp: No such file or directory
compilation terminated.
configure:15648: $? = 1
configure: failed program was:
| /* confdefs.h */
| #define PACKAGE_NAME "libpqxx"
| #define PACKAGE_TARNAME "libpqxx"
| #define PACKAGE_VERSION "4.0"
| #define PACKAGE_STRING "libpqxx 4.0"
| #define PACKAGE_BUGREPORT "Jeroen T. Vermeulen <jtv@xs4all.nl>"
| #define PACKAGE_URL ""
| #define PACKAGE "libpqxx"
| #define VERSION "4.0"
| #define STDC_HEADERS 1
| #define HAVE_SYS_TYPES_H 1
| #define HAVE_SYS_STAT_H 1
| #define HAVE_STDLIB_H 1
| #define HAVE_STRING_H 1
| #define HAVE_MEMORY_H 1
| #define HAVE_STRINGS_H 1
| #define HAVE_INTTYPES_H 1
| #define HAVE_STDINT_H 1
| #define HAVE_UNISTD_H 1
| #define HAVE_DLFCN_H 1
| #define LT_OBJDIR ".libs/"
| #define PQXX_HAVE_GCC_VISIBILITY 1
| #define PQXX_HAVE_GCC_CONST 1
| #define PQXX_HAVE_GCC_DEPRECATED 1
| #define PQXX_HAVE_GCC_NORETURN 1
| #define PQXX_HAVE_GCC_PURE 1
| #define PGSTD std
| /* end confdefs.h.  */
| #include <boost/smart_ptr.hpp>
configure:15648: result: no
configure:15648: checking for boost/smart_ptr.hpp
configure:15648: result: no
configure:15660: checking whether TR1 headers live in tr1 directory
configure:15674: g++ -c -g -O2  conftest.cpp >&5
configure:15674: $? = 0
configure:15682: result: yes
configure:15692: checking namespace of TR1 extension to the C++ standard
configure:15719: g++ -c -g -O2  conftest.cpp >&5
configure:15719: $? = 0
configure:15731: result: std::tr1
configure:15735: checking ios usability
configure:15735: g++ -c -g -O2  conftest.cpp >&5
configure:15735: $? = 0
configure:15735: result: yes
configure:15735: checking ios presence
configure:15735: g++ -E  conftest.cpp
configure:15735: $? = 0
configure:15735: result: yes
configure:15735: checking for ios
configure:15735: result: yes
configure:15747: checking streambuf usability
configure:15747: g++ -c -g -O2  conftest.cpp >&5
configure:15747: $? = 0
configure:15747: result: yes
configure:15747: checking streambuf presence
configure:15747: g++ -E  conftest.cpp
configure:15747: $? = 0
configure:15747: result: yes
configure:15747: checking for streambuf
configure:15747: result: yes
configure:15759: checking locale usability
configure:15759: g++ -c -g -O2  conftest.cpp >&5
configure:15759: $? = 0
configure:15759: result: yes
configure:15759: checking locale presence
configure:15759: g++ -E  conftest.cpp
configure:15759: $? = 0
configure:15759: result: yes
configure:15759: checking for locale
configure:15759: result: yes
configure:15771: checking locale function and stringstream::imbue
configure:15788: g++ -c -g -O2  conftest.cpp >&5
configure:15788: $? = 0
configure:15796: result: yes
configure:15799: checking char_traits template
configure:15814: g++ -c -g -O2  conftest.cpp >&5
configure:15814: $? = 0
configure:15822: result: yes
configure:15825: checking "warning" preprocessor directive
configure:15839: g++ -c -g -O2  conftest.cpp >&5
conftest.cpp:36:2: warning: #warning cpp supports warning directive [-Wcpp]
 #warning cpp supports warning directive
  ^
configure:15839: $? = 0
configure:15847: result: yes
configure:15850: checking "message" preprocessor pragma
configure:15864: g++ -c -g -O2  conftest.cpp >&5
conftest.cpp:37:46: note: #pragma message: cpp supports message pragma
 #pragma message("cpp supports message pragma")
                                              ^
configure:15864: $? = 0
configure:15872: result: yes
configure:15880: checking for pg_config
configure:15898: found /usr/bin/pg_config
configure:15910: result: /usr/bin/pg_config
configure:15929: using PostgreSQL headers at /usr/include/postgresql
configure:15932: using PostgreSQL libraries at /usr/lib/x86_64-linux-gnu
configure:15943: checking for ANSI C header files
configure:16047: result: yes
configure:16056: checking ability to compile programs using the standard C library
configure:16071: g++ -c -g -O2  conftest.cpp >&5
configure:16071: $? = 0
configure:16088: result: yes
configure:16094: checking for library containing select
configure:16125: g++ -o conftest -g -O2   conftest.cpp  >&5
configure:16125: $? = 0
configure:16142: result: none required
configure:16206: checking /usr/include/postgresql/libpq-fe.h usability
configure:16206: g++ -c -g -O2  conftest.cpp >&5
configure:16206: $? = 0
configure:16206: result: yes
configure:16206: checking /usr/include/postgresql/libpq-fe.h presence
configure:16206: g++ -E  conftest.cpp
configure:16206: $? = 0
configure:16206: result: yes
configure:16206: checking for /usr/include/postgresql/libpq-fe.h
configure:16206: result: yes
configure:16226: checking for ability to compile source files using libpq
configure:16239: g++ -c -g -O2  conftest.cpp >&5
configure:16239: $? = 0
configure:16252: result: yes
configure:16266: checking for main in -lpq
configure:16285: gcc -o conftest -g -O2   -L/usr/lib/x86_64-linux-gnu conftest.c -lpq -L/usr/lib/x86_64-linux-gnu  >&5
configure:16285: $? = 0
configure:16294: result: yes
configure:16313: checking for PQexec in -lpq
configure:16338: gcc -o conftest -g -O2   -L/usr/lib/x86_64-linux-gnu conftest.c -lpq -L/usr/lib/x86_64-linux-gnu -lpq  >&5
configure:16338: $? = 0
configure:16347: result: yes
configure:16385: checking for correct C++ linkage of basic libpq functions
configure:16424: g++ -o conftest -g -O2   -L/usr/lib/x86_64-linux-gnu conftest.cpp -lpq -lpq  >&5
configure:16424: $? = 0
configure:16439: result: yes
configure:16443: checking that type of libpq's Oid is as expected
configure:16458: g++ -c -g -O2  conftest.cpp >&5
configure:16458: $? = 0
configure:16467: result: yes
configure:16470: checking lo_tell()
configure:16485: g++ -c -g -O2  conftest.cpp >&5
configure:16485: $? = 0
configure:16494: result: yes
configure:16498: checking for strerror_r
configure:16514: g++ -c -g -O2  conftest.cpp >&5
configure:16514: $? = 0
configure:16522: result: yes
configure:16540: checking for GNU-style strerror_r
configure:16556: g++ -c -g -O2  conftest.cpp >&5
configure:16556: $? = 0
configure:16564: result: yes
configure:16569: checking for strnlen
configure:16584: g++ -c -g -O2  conftest.cpp >&5
configure:16584: $? = 0
configure:16592: result: yes
configure:16595: checking for strlcpy
configure:16610: g++ -c -g -O2  conftest.cpp >&5
conftest.cpp: In function 'int main()':
conftest.cpp:50:36: error: 'strlcpy' was not declared in this scope
 char buf[2];return strlcpy(buf,"",1)
                                    ^
configure:16610: $? = 1
configure: failed program was:
| /* confdefs.h */
| #define PACKAGE_NAME "libpqxx"
| #define PACKAGE_TARNAME "libpqxx"
| #define PACKAGE_VERSION "4.0"
| #define PACKAGE_STRING "libpqxx 4.0"
| #define PACKAGE_BUGREPORT "Jeroen T. Vermeulen <jtv@xs4all.nl>"
| #define PACKAGE_URL ""
| #define PACKAGE "libpqxx"
| #define VERSION "4.0"
| #define STDC_HEADERS 1
| #define HAVE_SYS_TYPES_H 1
| #define HAVE_SYS_STAT_H 1
| #define HAVE_STDLIB_H 1
| #define HAVE_STRING_H 1
| #define HAVE_MEMORY_H 1
| #define HAVE_STRINGS_H 1
| #define HAVE_INTTYPES_H 1
| #define HAVE_STDINT_H 1
| #define HAVE_UNISTD_H 1
| #define HAVE_DLFCN_H 1
| #define LT_OBJDIR ".libs/"
| #define PQXX_HAVE_GCC_VISIBILITY 1
| #define PQXX_HAVE_GCC_CONST 1
| #define PQXX_HAVE_GCC_DEPRECATED 1
| #define PQXX_HAVE_GCC_NORETURN 1
| #define PQXX_HAVE_GCC_PURE 1
| #define PGSTD std
| #define PQXX_TR1_HEADERS 1
| #define PQXXTR1 std::tr1
| #define PQXX_HAVE_IOS 1
| #define PQXX_HAVE_STREAMBUF 1
| #define PQXX_HAVE_LOCALE 1
| #define PQXX_HAVE_IMBUE 1
| #define PQXX_HAVE_CHAR_TRAITS 1
| #define PQXX_HAVE_CPP_WARNING 1
| #define PQXX_HAVE_CPP_PRAGMA_MESSAGE 1
| #define STDC_HEADERS 1
| #define HAVE_LIBPQ 1
| #define HAVE_LIBPQ 1
| #define PQXX_HAVE_LO_TELL 1
| #define PQXX_HAVE_STRERROR_R 1
| #define PQXX_HAVE_STRERROR_R_GNU 1
| #define PQXX_HAVE_STRNLEN 1
| /* end confdefs.h.  */
| #include <cstring>
| 	namespace std {} using namespace std;
| int
| main ()
| {
| char buf[2];return strlcpy(buf,"",1)
|   ;
|   return 0;
| }
configure:16618: result: no
configure:16621: checking for long long
configure:16635: g++ -c -g -O2  conftest.cpp >&5
configure:16635: $? = 0
configure:16643: result: yes
configure:16646: checking for long double
configure:16660: g++ -c -g -O2  conftest.cpp >&5
configure:16660: $? = 0
configure:16668: result: yes
configure:16671: checking for working <sys/select.h>
configure:16689: g++ -c -g -O2  conftest.cpp >&5
configure:16689: $? = 0
configure:16699: result: yes
configure:16703: checking for poll()
configure:16718: g++ -c -g -O2  conftest.cpp >&5
configure:16718: $? = 0
configure:16727: result: yes
configure:16734: checking for working fd_set
configure:16797: g++ -c -g -O2  conftest.cpp >&5
configure:16797: $? = 0
configure:16812: result: yes
configure:16816: checking if select() accepts NULL fdsets
configure:16841: g++ -o conftest -g -O2   -L/usr/lib/x86_64-linux-gnu conftest.cpp -lpq -lpq  >&5
configure:16841: $? = 0
configure:16841: ./conftest
configure:16841: $? = 0
configure:16852: result: yes
configure:16856: checking sleep()
configure:16873: g++ -c -g -O2  conftest.cpp >&5
configure:16873: $? = 0
configure:16882: result: yes
configure:16885: checking PQisthreadsafe()
configure:16899: g++ -c -g -O2  conftest.cpp >&5
configure:16899: $? = 0
configure:16907: result: yes
configure:16910: checking PQescapeLiteral()
configure:16924: g++ -c -g -O2  conftest.cpp >&5
configure:16924: $? = 0
configure:16933: result: yes
configure:16937: checking support for hex binary escaping format
configure:16959: g++ -o conftest -g -O2   -L/usr/lib/x86_64-linux-gnu conftest.cpp -lpq -lpq  >&5
configure:16959: $? = 0
configure:16959: ./conftest
configure:16959: $? = 0
configure:16970: result: yes
configure:16974: checking PQescapeIdentifier()
configure:16988: g++ -c -g -O2  conftest.cpp >&5
configure:16988: $? = 0
configure:16997: result: pqescapeidentifier
configure:17001: checking PQencryptPassword()
configure:17015: g++ -c -g -O2  conftest.cpp >&5
configure:17015: $? = 0
configure:17024: result: yes
configure:17028: checking PQmblen()
configure:17042: g++ -c -g -O2  conftest.cpp >&5
configure:17042: $? = 0
configure:17051: result: yes
configure:17055: checking PQdescribePortal()
configure:17069: g++ -c -g -O2  conftest.cpp >&5
configure:17069: $? = 0
configure:17078: result: yes
configure:17081: checking PQclientEncoding()
configure:17095: g++ -c -g -O2  conftest.cpp >&5
configure:17095: $? = 0
configure:17104: result: yes
configure:17107: checking PQcancel()
configure:17121: g++ -c -g -O2  conftest.cpp >&5
configure:17121: $? = 0
configure:17130: result: yes
configure:17133: checking limits usability
configure:17133: g++ -c -g -O2  conftest.cpp >&5
configure:17133: $? = 0
configure:17133: result: yes
configure:17133: checking limits presence
configure:17133: g++ -E  conftest.cpp
configure:17133: $? = 0
configure:17133: result: yes
configure:17133: checking for limits
configure:17133: result: yes
configure:17142: checking for C99 isnan()
configure:17158: g++ -c -g -O2  conftest.cpp >&5
conftest.cpp: In function 'int main()':
conftest.cpp:67:14: error: expected ')' before 'f'
 if(isnan(f())f()
              ^
configure:17158: $? = 1
configure: failed program was:
| /* confdefs.h */
| #define PACKAGE_NAME "libpqxx"
| #define PACKAGE_TARNAME "libpqxx"
| #define PACKAGE_VERSION "4.0"
| #define PACKAGE_STRING "libpqxx 4.0"
| #define PACKAGE_BUGREPORT "Jeroen T. Vermeulen <jtv@xs4all.nl>"
| #define PACKAGE_URL ""
| #define PACKAGE "libpqxx"
| #define VERSION "4.0"
| #define STDC_HEADERS 1
| #define HAVE_SYS_TYPES_H 1
| #define HAVE_SYS_STAT_H 1
| #define HAVE_STDLIB_H 1
| #define HAVE_STRING_H 1
| #define HAVE_MEMORY_H 1
| #define HAVE_STRINGS_H 1
| #define HAVE_INTTYPES_H 1
| #define HAVE_STDINT_H 1
| #define HAVE_UNISTD_H 1
| #define HAVE_DLFCN_H 1
| #define LT_OBJDIR ".libs/"
| #define PQXX_HAVE_GCC_VISIBILITY 1
| #define PQXX_HAVE_GCC_CONST 1
| #define PQXX_HAVE_GCC_DEPRECATED 1
| #define PQXX_HAVE_GCC_NORETURN 1
| #define PQXX_HAVE_GCC_PURE 1
| #define PGSTD std
| #define PQXX_TR1_HEADERS 1
| #define PQXXTR1 std::tr1
| #define PQXX_HAVE_IOS 1
| #define PQXX_HAVE_STREAMBUF 1
| #define PQXX_HAVE_LOCALE 1
| #define PQXX_HAVE_IMBUE 1
| #define PQXX_HAVE_CHAR_TRAITS 1
| #define PQXX_HAVE_CPP_WARNING 1
| #define PQXX_HAVE_CPP_PRAGMA_MESSAGE 1
| #define STDC_HEADERS 1
| #define HAVE_LIBPQ 1
| #define HAVE_LIBPQ 1
| #define PQXX_HAVE_LO_TELL 1
| #define PQXX_HAVE_STRERROR_R 1
| #define PQXX_HAVE_STRERROR_R_GNU 1
| #define PQXX_HAVE_STRNLEN 1
| #define PQXX_HAVE_LONG_LONG 1
| #define PQXX_HAVE_LONG_DOUBLE 1
| #define PQXX_HAVE_SYS_SELECT_H 1
| #define PQXX_HAVE_POLL 1
| #define PQXX_SELECT_ACCEPTS_NULL 1
| #define PQXX_HAVE_SLEEP 1
| #define PQXX_HAVE_PQISTHREADSAFE 1
| #define PQXX_HAVE_PQESCAPELITERAL 1
| #define PQXX_HAVE_PQUNESCAPEBYTEA_9 1
| #define PQXX_HAVE_PQESCAPEIDENTIFIER 1
| #define PQXX_HAVE_PQENCRYPTPASSWORD 1
| #define PQXX_HAVE_PQMBLEN 1
| #define PQXX_HAVE_PQDESCRIBEPORTAL 1
| #define PQXX_HAVE_PQCLIENTENCODING 1
| #define PQXX_HAVE_PQCANCEL 1
| #define PQXX_HAVE_LIMITS 1
| /* end confdefs.h.  */
| #include <cmath>
| 	extern double f();
| 	namespace std {} using namespace std;
| int
| main ()
| {
| if(isnan(f())f()
|   ;
|   return 0;
| }
configure:17167: result: no
configure:17170: checking for std::numeric_limits<>::quiet_NaN()
configure:17186: g++ -c -g -O2  conftest.cpp >&5
configure:17186: $? = 0
configure:17194: result: yes
configure:17197: checking for C NAN macro
configure:17213: g++ -c -g -O2  conftest.cpp >&5
configure:17213: $? = 0
configure:17221: result: yes
configure:17224: checking for C99 nan() family
configure:17240: g++ -c -g -O2  conftest.cpp >&5
configure:17240: $? = 0
configure:17248: result: yes
configure:17251: checking for C99 isinf()
configure:17267: g++ -c -g -O2  conftest.cpp >&5
conftest.cpp: In function 'int main()':
conftest.cpp:70:14: error: expected ')' before 'f'
 if(isinf(f())f()
              ^
configure:17267: $? = 1
configure: failed program was:
| /* confdefs.h */
| #define PACKAGE_NAME "libpqxx"
| #define PACKAGE_TARNAME "libpqxx"
| #define PACKAGE_VERSION "4.0"
| #define PACKAGE_STRING "libpqxx 4.0"
| #define PACKAGE_BUGREPORT "Jeroen T. Vermeulen <jtv@xs4all.nl>"
| #define PACKAGE_URL ""
| #define PACKAGE "libpqxx"
| #define VERSION "4.0"
| #define STDC_HEADERS 1
| #define HAVE_SYS_TYPES_H 1
| #define HAVE_SYS_STAT_H 1
| #define HAVE_STDLIB_H 1
| #define HAVE_STRING_H 1
| #define HAVE_MEMORY_H 1
| #define HAVE_STRINGS_H 1
| #define HAVE_INTTYPES_H 1
| #define HAVE_STDINT_H 1
| #define HAVE_UNISTD_H 1
| #define HAVE_DLFCN_H 1
| #define LT_OBJDIR ".libs/"
| #define PQXX_HAVE_GCC_VISIBILITY 1
| #define PQXX_HAVE_GCC_CONST 1
| #define PQXX_HAVE_GCC_DEPRECATED 1
| #define PQXX_HAVE_GCC_NORETURN 1
| #define PQXX_HAVE_GCC_PURE 1
| #define PGSTD std
| #define PQXX_TR1_HEADERS 1
| #define PQXXTR1 std::tr1
| #define PQXX_HAVE_IOS 1
| #define PQXX_HAVE_STREAMBUF 1
| #define PQXX_HAVE_LOCALE 1
| #define PQXX_HAVE_IMBUE 1
| #define PQXX_HAVE_CHAR_TRAITS 1
| #define PQXX_HAVE_CPP_WARNING 1
| #define PQXX_HAVE_CPP_PRAGMA_MESSAGE 1
| #define STDC_HEADERS 1
| #define HAVE_LIBPQ 1
| #define HAVE_LIBPQ 1
| #define PQXX_HAVE_LO_TELL 1
| #define PQXX_HAVE_STRERROR_R 1
| #define PQXX_HAVE_STRERROR_R_GNU 1
| #define PQXX_HAVE_STRNLEN 1
| #define PQXX_HAVE_LONG_LONG 1
| #define PQXX_HAVE_LONG_DOUBLE 1
| #define PQXX_HAVE_SYS_SELECT_H 1
| #define PQXX_HAVE_POLL 1
| #define PQXX_SELECT_ACCEPTS_NULL 1
| #define PQXX_HAVE_SLEEP 1
| #define PQXX_HAVE_PQISTHREADSAFE 1
| #define PQXX_HAVE_PQESCAPELITERAL 1
| #define PQXX_HAVE_PQUNESCAPEBYTEA_9 1
| #define PQXX_HAVE_PQESCAPEIDENTIFIER 1
| #define PQXX_HAVE_PQENCRYPTPASSWORD 1
| #define PQXX_HAVE_PQMBLEN 1
| #define PQXX_HAVE_PQDESCRIBEPORTAL 1
| #define PQXX_HAVE_PQCLIENTENCODING 1
| #define PQXX_HAVE_PQCANCEL 1
| #define PQXX_HAVE_LIMITS 1
| #define PQXX_HAVE_QUIET_NAN 1
| #define PQXX_HAVE_C_NAN 1
| #define PQXX_HAVE_NAN 1
| /* end confdefs.h.  */
| #include <cmath>
| 	extern double f();
| 	namespace std {} using namespace std;
| int
| main ()
| {
| if(isinf(f())f()
|   ;
|   return 0;
| }
configure:17276: result: no
configure:17279: checking whether std::string has a clear() function
configure:17294: g++ -c -g -O2  conftest.cpp >&5
configure:17294: $? = 0
configure:17302: result: yes
configure:17305: checking for standard distance()
configure:17320: g++ -c -g -O2  conftest.cpp >&5
configure:17320: $? = 0
configure:17328: result: yes
configure:17331: checking if count_if() works as expected
configure:17348: g++ -c -g -O2  conftest.cpp >&5
configure:17348: $? = 0
configure:17356: result: yes
configure:17359: checking whether <iterator> defines a usable iterator template
configure:17373: g++ -c -g -O2  conftest.cpp >&5
configure:17373: $? = 0
configure:17382: result: yes
configure:17385: checking for reverse_iterator template
configure:17400: g++ -c -g -O2  conftest.cpp >&5
configure:17400: $? = 0
configure:17408: result: yes
configure:17411: checking for auto_ptr
configure:17428: g++ -c -g -O2  conftest.cpp >&5
configure:17428: $? = 0
configure:17436: result: yes
configure:17439: checking for tr1::shared_ptr
configure:17453: g++ -c -g -O2  conftest.cpp >&5
configure:17453: $? = 0
configure:17461: result: yes
configure:17464: checking for unique_ptr
configure:17481: g++ -c -g -O2  conftest.cpp >&5
conftest.cpp: In function 'int main()':
conftest.cpp:77:1: error: 'unique_ptr' was not declared in this scope
 unique_ptr<int> i(get_ptr())
 ^
conftest.cpp:77:12: error: expected primary-expression before 'int'
 unique_ptr<int> i(get_ptr())
            ^
configure:17481: $? = 1
configure: failed program was:
| /* confdefs.h */
| #define PACKAGE_NAME "libpqxx"
| #define PACKAGE_TARNAME "libpqxx"
| #define PACKAGE_VERSION "4.0"
| #define PACKAGE_STRING "libpqxx 4.0"
| #define PACKAGE_BUGREPORT "Jeroen T. Vermeulen <jtv@xs4all.nl>"
| #define PACKAGE_URL ""
| #define PACKAGE "libpqxx"
| #define VERSION "4.0"
| #define STDC_HEADERS 1
| #define HAVE_SYS_TYPES_H 1
| #define HAVE_SYS_STAT_H 1
| #define HAVE_STDLIB_H 1
| #define HAVE_STRING_H 1
| #define HAVE_MEMORY_H 1
| #define HAVE_STRINGS_H 1
| #define HAVE_INTTYPES_H 1
| #define HAVE_STDINT_H 1
| #define HAVE_UNISTD_H 1
| #define HAVE_DLFCN_H 1
| #define LT_OBJDIR ".libs/"
| #define PQXX_HAVE_GCC_VISIBILITY 1
| #define PQXX_HAVE_GCC_CONST 1
| #define PQXX_HAVE_GCC_DEPRECATED 1
| #define PQXX_HAVE_GCC_NORETURN 1
| #define PQXX_HAVE_GCC_PURE 1
| #define PGSTD std
| #define PQXX_TR1_HEADERS 1
| #define PQXXTR1 std::tr1
| #define PQXX_HAVE_IOS 1
| #define PQXX_HAVE_STREAMBUF 1
| #define PQXX_HAVE_LOCALE 1
| #define PQXX_HAVE_IMBUE 1
| #define PQXX_HAVE_CHAR_TRAITS 1
| #define PQXX_HAVE_CPP_WARNING 1
| #define PQXX_HAVE_CPP_PRAGMA_MESSAGE 1
| #define STDC_HEADERS 1
| #define HAVE_LIBPQ 1
| #define HAVE_LIBPQ 1
| #define PQXX_HAVE_LO_TELL 1
| #define PQXX_HAVE_STRERROR_R 1
| #define PQXX_HAVE_STRERROR_R_GNU 1
| #define PQXX_HAVE_STRNLEN 1
| #define PQXX_HAVE_LONG_LONG 1
| #define PQXX_HAVE_LONG_DOUBLE 1
| #define PQXX_HAVE_SYS_SELECT_H 1
| #define PQXX_HAVE_POLL 1
| #define PQXX_SELECT_ACCEPTS_NULL 1
| #define PQXX_HAVE_SLEEP 1
| #define PQXX_HAVE_PQISTHREADSAFE 1
| #define PQXX_HAVE_PQESCAPELITERAL 1
| #define PQXX_HAVE_PQUNESCAPEBYTEA_9 1
| #define PQXX_HAVE_PQESCAPEIDENTIFIER 1
| #define PQXX_HAVE_PQENCRYPTPASSWORD 1
| #define PQXX_HAVE_PQMBLEN 1
| #define PQXX_HAVE_PQDESCRIBEPORTAL 1
| #define PQXX_HAVE_PQCLIENTENCODING 1
| #define PQXX_HAVE_PQCANCEL 1
| #define PQXX_HAVE_LIMITS 1
| #define PQXX_HAVE_QUIET_NAN 1
| #define PQXX_HAVE_C_NAN 1
| #define PQXX_HAVE_NAN 1
| #define PQXX_HAVE_STRING_CLEAR 1
| #define PQXX_HAVE_DISTANCE 1
| #define PQXX_HAVE_COUNT_IF 1
| #define PQXX_HAVE_REVERSE_ITERATOR 1
| #define PQXX_HAVE_AUTO_PTR 1
| #define PQXX_HAVE_SHARED_PTR 1
| /* end confdefs.h.  */
| 
| 	#include <memory>
| 	namespace std {} using namespace std;
| 	int *get_ptr();
| int
| main ()
| {
| unique_ptr<int> i(get_ptr())
|   ;
|   return 0;
| }
configure:17489: result: no
configure:17492: checking for move()
configure:17509: g++ -c -g -O2  conftest.cpp >&5
conftest.cpp: In function 'int foo(int&)':
conftest.cpp:73:33: error: 'move' was not declared in this scope
  int foo(int &i) { return move(i); }
                                 ^
configure:17509: $? = 1
configure: failed program was:
| /* confdefs.h */
| #define PACKAGE_NAME "libpqxx"
| #define PACKAGE_TARNAME "libpqxx"
| #define PACKAGE_VERSION "4.0"
| #define PACKAGE_STRING "libpqxx 4.0"
| #define PACKAGE_BUGREPORT "Jeroen T. Vermeulen <jtv@xs4all.nl>"
| #define PACKAGE_URL ""
| #define PACKAGE "libpqxx"
| #define VERSION "4.0"
| #define STDC_HEADERS 1
| #define HAVE_SYS_TYPES_H 1
| #define HAVE_SYS_STAT_H 1
| #define HAVE_STDLIB_H 1
| #define HAVE_STRING_H 1
| #define HAVE_MEMORY_H 1
| #define HAVE_STRINGS_H 1
| #define HAVE_INTTYPES_H 1
| #define HAVE_STDINT_H 1
| #define HAVE_UNISTD_H 1
| #define HAVE_DLFCN_H 1
| #define LT_OBJDIR ".libs/"
| #define PQXX_HAVE_GCC_VISIBILITY 1
| #define PQXX_HAVE_GCC_CONST 1
| #define PQXX_HAVE_GCC_DEPRECATED 1
| #define PQXX_HAVE_GCC_NORETURN 1
| #define PQXX_HAVE_GCC_PURE 1
| #define PGSTD std
| #define PQXX_TR1_HEADERS 1
| #define PQXXTR1 std::tr1
| #define PQXX_HAVE_IOS 1
| #define PQXX_HAVE_STREAMBUF 1
| #define PQXX_HAVE_LOCALE 1
| #define PQXX_HAVE_IMBUE 1
| #define PQXX_HAVE_CHAR_TRAITS 1
| #define PQXX_HAVE_CPP_WARNING 1
| #define PQXX_HAVE_CPP_PRAGMA_MESSAGE 1
| #define STDC_HEADERS 1
| #define HAVE_LIBPQ 1
| #define HAVE_LIBPQ 1
| #define PQXX_HAVE_LO_TELL 1
| #define PQXX_HAVE_STRERROR_R 1
| #define PQXX_HAVE_STRERROR_R_GNU 1
| #define PQXX_HAVE_STRNLEN 1
| #define PQXX_HAVE_LONG_LONG 1
| #define PQXX_HAVE_LONG_DOUBLE 1
| #define PQXX_HAVE_SYS_SELECT_H 1
| #define PQXX_HAVE_POLL 1
| #define PQXX_SELECT_ACCEPTS_NULL 1
| #define PQXX_HAVE_SLEEP 1
| #define PQXX_HAVE_PQISTHREADSAFE 1
| #define PQXX_HAVE_PQESCAPELITERAL 1
| #define PQXX_HAVE_PQUNESCAPEBYTEA_9 1
| #define PQXX_HAVE_PQESCAPEIDENTIFIER 1
| #define PQXX_HAVE_PQENCRYPTPASSWORD 1
| #define PQXX_HAVE_PQMBLEN 1
| #define PQXX_HAVE_PQDESCRIBEPORTAL 1
| #define PQXX_HAVE_PQCLIENTENCODING 1
| #define PQXX_HAVE_PQCANCEL 1
| #define PQXX_HAVE_LIMITS 1
| #define PQXX_HAVE_QUIET_NAN 1
| #define PQXX_HAVE_C_NAN 1
| #define PQXX_HAVE_NAN 1
| #define PQXX_HAVE_STRING_CLEAR 1
| #define PQXX_HAVE_DISTANCE 1
| #define PQXX_HAVE_COUNT_IF 1
| #define PQXX_HAVE_REVERSE_ITERATOR 1
| #define PQXX_HAVE_AUTO_PTR 1
| #define PQXX_HAVE_SHARED_PTR 1
| /* end confdefs.h.  */
| 
| 	#include <utility>
| 	namespace std {} using namespace std;
| 	int foo(int &i) { return move(i); }
| int
| main ()
| {
| int i = 0; return foo(i);
|   ;
|   return 0;
| }
configure:17517: result: no
configure:17520: checking whether overloaded using-declarations work
configure:17535: g++ -c -g -O2  conftest.cpp >&5
configure:17535: $? = 0
configure:17544: result: yes
configure:17548: checking whether make sets $(MAKE)
configure:17570: result: yes
configure:17741: creating ./config.status

## ---------------------- ##
## Running config.status. ##
## ---------------------- ##

This file was extended by libpqxx config.status 4.0, which was
generated by GNU Autoconf 2.68.  Invocation command line was

  CONFIG_FILES    = 
  CONFIG_HEADERS  = 
  CONFIG_LINKS    = 
  CONFIG_COMMANDS = 
  $ ./config.status 

on xnpio-Satellite-U40t-A

config.status:1234: creating Makefile
config.status:1234: creating config/Makefile
config.status:1234: creating debian/Makefile
config.status:1234: creating doc/Makefile
config.status:1234: creating doc/Doxyfile
config.status:1234: creating src/Makefile
config.status:1234: creating test/Makefile
config.status:1234: creating test/unit/Makefile
config.status:1234: creating tools/Makefile
config.status:1234: creating win32/Makefile
config.status:1234: creating include/Makefile
config.status:1234: creating include/pqxx/Makefile
config.status:1234: creating libpqxx.pc
config.status:1234: creating pqxx-config
config.status:1234: creating libpqxx.spec
config.status:1234: creating include/pqxx/config.h
config.status:1463: executing depfiles commands
config.status:1463: executing libtool commands
config.status:1463: executing configitems commands

## ---------------- ##
## Cache variables. ##
## ---------------- ##

ac_cv_build=x86_64-unknown-linux-gnu
ac_cv_c_compiler_gnu=yes
ac_cv_cxx_compiler_gnu=yes
ac_cv_env_CCC_set=
ac_cv_env_CCC_value=
ac_cv_env_CC_set=
ac_cv_env_CC_value=
ac_cv_env_CFLAGS_set=
ac_cv_env_CFLAGS_value=
ac_cv_env_CPPFLAGS_set=
ac_cv_env_CPPFLAGS_value=
ac_cv_env_CPP_set=
ac_cv_env_CPP_value=
ac_cv_env_CXXCPP_set=
ac_cv_env_CXXCPP_value=
ac_cv_env_CXXFLAGS_set=
ac_cv_env_CXXFLAGS_value=
ac_cv_env_CXX_set=
ac_cv_env_CXX_value=
ac_cv_env_LDFLAGS_set=
ac_cv_env_LDFLAGS_value=
ac_cv_env_LIBS_set=
ac_cv_env_LIBS_value=
ac_cv_env_build_alias_set=
ac_cv_env_build_alias_value=
ac_cv_env_host_alias_set=
ac_cv_env_host_alias_value=
ac_cv_env_target_alias_set=
ac_cv_env_target_alias_value=
ac_cv_header__usr_include_postgresql_libpq_fe_h=yes
ac_cv_header_boost_smart_ptr_hpp=no
ac_cv_header_dlfcn_h=yes
ac_cv_header_inttypes_h=yes
ac_cv_header_ios=yes
ac_cv_header_limits=yes
ac_cv_header_locale=yes
ac_cv_header_memory_h=yes
ac_cv_header_stdc=yes
ac_cv_header_stdint_h=yes
ac_cv_header_stdlib_h=yes
ac_cv_header_streambuf=yes
ac_cv_header_string_h=yes
ac_cv_header_strings_h=yes
ac_cv_header_sys_stat_h=yes
ac_cv_header_sys_types_h=yes
ac_cv_header_unistd_h=yes
ac_cv_host=x86_64-unknown-linux-gnu
ac_cv_lib_pq=ac_cv_lib_pq_main
ac_cv_lib_pq_PQexec=yes
ac_cv_lib_pq_main=yes
ac_cv_objext=o
ac_cv_path_EGREP='/bin/grep -E'
ac_cv_path_FGREP='/bin/grep -F'
ac_cv_path_GREP=/bin/grep
ac_cv_path_MKDIR=/bin/mkdir
ac_cv_path_PG_CONFIG=/usr/bin/pg_config
ac_cv_path_PKG_CONFIG=/usr/bin/pkg-config
ac_cv_path_SED=/bin/sed
ac_cv_path_install='/usr/bin/install -c'
ac_cv_path_mkdir=/bin/mkdir
ac_cv_prog_AWK=mawk
ac_cv_prog_CPP='gcc -E'
ac_cv_prog_CXXCPP='g++ -E'
ac_cv_prog_HAVE_DOT=YES
ac_cv_prog_ac_ct_AR=ar
ac_cv_prog_ac_ct_CC=gcc
ac_cv_prog_ac_ct_CXX=g++
ac_cv_prog_ac_ct_MANIFEST_TOOL=mt
ac_cv_prog_ac_ct_OBJDUMP=objdump
ac_cv_prog_ac_ct_RANLIB=ranlib
ac_cv_prog_ac_ct_STRIP=strip
ac_cv_prog_cc_c89=
ac_cv_prog_cc_g=yes
ac_cv_prog_cxx_g=yes
ac_cv_prog_make_make_set=yes
ac_cv_search_select='none required'
am_cv_CC_dependencies_compiler_type=gcc3
am_cv_CXX_dependencies_compiler_type=gcc3
lt_cv_ar_at_file=@
lt_cv_deplibs_check_method=pass_all
lt_cv_file_magic_cmd='$MAGIC_CMD'
lt_cv_file_magic_test_file=
lt_cv_ld_reload_flag=-r
lt_cv_nm_interface='BSD nm'
lt_cv_objdir=.libs
lt_cv_path_LD=/usr/bin/ld
lt_cv_path_LDCXX='/usr/bin/ld -m elf_x86_64'
lt_cv_path_NM='/usr/bin/nm -B'
lt_cv_path_mainfest_tool=no
lt_cv_prog_compiler_c_o=yes
lt_cv_prog_compiler_c_o_CXX=yes
lt_cv_prog_compiler_pic='-fPIC -DPIC'
lt_cv_prog_compiler_pic_CXX='-fPIC -DPIC'
lt_cv_prog_compiler_pic_works=yes
lt_cv_prog_compiler_pic_works_CXX=yes
lt_cv_prog_compiler_rtti_exceptions=no
lt_cv_prog_compiler_static_works=yes
lt_cv_prog_compiler_static_works_CXX=yes
lt_cv_prog_gnu_ld=yes
lt_cv_prog_gnu_ldcxx=yes
lt_cv_sharedlib_from_linklib_cmd='printf %s\n'
lt_cv_shlibpath_overrides_runpath=no
lt_cv_sys_global_symbol_pipe='sed -n -e '\''s/^.*[	 ]\([ABCDGIRSTW][ABCDGIRSTW]*\)[	 ][	 ]*\([_A-Za-z][_A-Za-z0-9]*\)$/\1 \2 \2/p'\'' | sed '\''/ __gnu_lto/d'\'''
lt_cv_sys_global_symbol_to_c_name_address='sed -n -e '\''s/^: \([^ ]*\)[ ]*$/  {\"\1\", (void *) 0},/p'\'' -e '\''s/^[ABCDGIRSTW]* \([^ ]*\) \([^ ]*\)$/  {"\2", (void *) \&\2},/p'\'''
lt_cv_sys_global_symbol_to_c_name_address_lib_prefix='sed -n -e '\''s/^: \([^ ]*\)[ ]*$/  {\"\1\", (void *) 0},/p'\'' -e '\''s/^[ABCDGIRSTW]* \([^ ]*\) \(lib[^ ]*\)$/  {"\2", (void *) \&\2},/p'\'' -e '\''s/^[ABCDGIRSTW]* \([^ ]*\) \([^ ]*\)$/  {"lib\2", (void *) \&\2},/p'\'''
lt_cv_sys_global_symbol_to_cdecl='sed -n -e '\''s/^T .* \(.*\)$/extern int \1();/p'\'' -e '\''s/^[ABCDGIRSTW]* .* \(.*\)$/extern char \1;/p'\'''
lt_cv_sys_max_cmd_len=1572864
lt_cv_to_host_file_cmd=func_convert_file_noop
lt_cv_to_tool_file_cmd=func_convert_file_noop

## ----------------- ##
## Output variables. ##
## ----------------- ##

ACLOCAL='${SHELL} /home/xnpio/Documentos/Xnpio/EDA-UNSA/EDA-UNSA/Postgres/hystogramTest/in_complex/libpqxx-4.0/config/missing --run aclocal-1.11'
AMDEPBACKSLASH='\'
AMDEP_FALSE='#'
AMDEP_TRUE=''
AMTAR='${SHELL} /home/xnpio/Documentos/Xnpio/EDA-UNSA/EDA-UNSA/Postgres/hystogramTest/in_complex/libpqxx-4.0/config/missing --run tar'
AR='ar'
AUTOCONF='${SHELL} /home/xnpio/Documentos/Xnpio/EDA-UNSA/EDA-UNSA/Postgres/hystogramTest/in_complex/libpqxx-4.0/config/missing --run autoconf'
AUTOHEADER='${SHELL} /home/xnpio/Documentos/Xnpio/EDA-UNSA/EDA-UNSA/Postgres/hystogramTest/in_complex/libpqxx-4.0/config/missing --run autoheader'
AUTOMAKE='${SHELL} /home/xnpio/Documentos/Xnpio/EDA-UNSA/EDA-UNSA/Postgres/hystogramTest/in_complex/libpqxx-4.0/config/missing --run automake-1.11'
AWK='mawk'
BUILD_REFERENCE_FALSE='#'
BUILD_REFERENCE_TRUE=''
BUILD_TUTORIAL_FALSE='#'
BUILD_TUTORIAL_TRUE=''
CC='gcc'
CCDEPMODE='depmode=gcc3'
CFLAGS='-g -O2'
CPP='gcc -E'
CPPFLAGS=''
CXX='g++'
CXXCPP='g++ -E'
CXXDEPMODE='depmode=gcc3'
CXXFLAGS='-g -O2'
CYGPATH_W='echo'
DEFS='-DHAVE_CONFIG_H'
DEPDIR='.deps'
DLLTOOL='false'
DOXYGEN=''
DSYMUTIL=''
DUMPBIN=''
ECHO_C=''
ECHO_N='-n'
ECHO_T=''
EGREP='/bin/grep -E'
EXEEXT=''
FGREP='/bin/grep -F'
GREP='/bin/grep'
HAVE_DOT='YES'
INSTALL_DATA='${INSTALL} -m 644'
INSTALL_PROGRAM='${INSTALL}'
INSTALL_SCRIPT='${INSTALL}'
INSTALL_STRIP_PROGRAM='$(install_sh) -c -s'
LD='/usr/bin/ld -m elf_x86_64'
LDFLAGS=' -L/usr/lib/x86_64-linux-gnu'
LIBOBJS=''
LIBS='-lpq -lpq '
LIBTOOL='$(SHELL) $(top_builddir)/libtool'
LIPO=''
LN_S='ln -s'
LTLIBOBJS=''
MAINT='#'
MAINTAINER_MODE_FALSE=''
MAINTAINER_MODE_TRUE='#'
MAKEINFO='${SHELL} /home/xnpio/Documentos/Xnpio/EDA-UNSA/EDA-UNSA/Postgres/hystogramTest/in_complex/libpqxx-4.0/config/missing --run makeinfo'
MANIFEST_TOOL=':'
MKDIR='/bin/mkdir'
MKDIR_P='/bin/mkdir -p'
NM='/usr/bin/nm -B'
NMEDIT=''
OBJDUMP='objdump'
OBJEXT='o'
OTOOL64=''
OTOOL=''
PACKAGE='libpqxx'
PACKAGE_BUGREPORT='Jeroen T. Vermeulen <jtv@xs4all.nl>'
PACKAGE_NAME='libpqxx'
PACKAGE_STRING='libpqxx 4.0'
PACKAGE_TARNAME='libpqxx'
PACKAGE_URL=''
PACKAGE_VERSION='4.0'
PATH_SEPARATOR=':'
PG_CONFIG='/usr/bin/pg_config'
PKG_CONFIG='/usr/bin/pkg-config'
POSTGRES_INCLUDE='-I/usr/include/postgresql'
POSTGRES_LIB=''
PQXXVERSION='4.0'
PQXX_ABI='4.0'
PQXX_MAJOR='4'
PQXX_MINOR='0'
RANLIB='ranlib'
SED='/bin/sed'
SET_MAKE=''
SHELL='/bin/bash'
STRIP='strip'
VERSION='4.0'
XMLTO=''
ac_ct_AR='ar'
ac_ct_CC='gcc'
ac_ct_CXX='g++'
ac_ct_DUMPBIN=''
am__EXEEXT_FALSE=''
am__EXEEXT_TRUE='#'
am__fastdepCC_FALSE='#'
am__fastdepCC_TRUE=''
am__fastdepCXX_FALSE='#'
am__fastdepCXX_TRUE=''
am__include='include'
am__isrc=''
am__leading_dot='.'
am__quote=''
am__tar='${AMTAR} chof - "$$tardir"'
am__untar='${AMTAR} xf -'
bindir='${exec_prefix}/bin'
build='x86_64-unknown-linux-gnu'
build_alias=''
build_cpu='x86_64'
build_os='linux-gnu'
build_vendor='unknown'
datadir='${datarootdir}'
datarootdir='${prefix}/share'
docdir='${datarootdir}/doc/${PACKAGE_TARNAME}'
dvidir='${docdir}'
exec_prefix='${prefix}'
host='x86_64-unknown-linux-gnu'
host_alias=''
host_cpu='x86_64'
host_os='linux-gnu'
host_vendor='unknown'
htmldir='${docdir}'
includedir='${prefix}/include'
infodir='${datarootdir}/info'
install_sh='${SHELL} /home/xnpio/Documentos/Xnpio/EDA-UNSA/EDA-UNSA/Postgres/hystogramTest/in_complex/libpqxx-4.0/config/install-sh'
libdir='${exec_prefix}/lib'
libexecdir='${exec_prefix}/libexec'
localedir='${datarootdir}/locale'
localstatedir='${prefix}/var'
mandir='${datarootdir}/man'
mkdir_p='/bin/mkdir -p'
oldincludedir='/usr/include'
pdfdir='${docdir}'
prefix='/usr/local'
program_transform_name='s,x,x,'
psdir='${docdir}'
sbindir='${exec_prefix}/sbin'
sharedstatedir='${prefix}/com'
sysconfdir='${prefix}/etc'
target_alias=''
with_postgres_include='/usr/include/postgresql'
with_postgres_lib='/usr/lib/x86_64-linux-gnu'

## ----------- ##
## confdefs.h. ##
## ----------- ##

/* confdefs.h */
#define PACKAGE_NAME "libpqxx"
#define PACKAGE_TARNAME "libpqxx"
#define PACKAGE_VERSION "4.0"
#define PACKAGE_STRING "libpqxx 4.0"
#define PACKAGE_BUGREPORT "Jeroen T. Vermeulen <jtv@xs4all.nl>"
#define PACKAGE_URL ""
#define PACKAGE "libpqxx"
#define VERSION "4.0"
#define STDC_HEADERS 1
#define HAVE_SYS_TYPES_H 1
#define HAVE_SYS_STAT_H 1
#define HAVE_STDLIB_H 1
#define HAVE_STRING_H 1
#define HAVE_MEMORY_H 1
#define HAVE_STRINGS_H 1
#define HAVE_INTTYPES_H 1
#define HAVE_STDINT_H 1
#define HAVE_UNISTD_H 1
#define HAVE_DLFCN_H 1
#define LT_OBJDIR ".libs/"
#define PQXX_HAVE_GCC_VISIBILITY 1
#define PQXX_HAVE_GCC_CONST 1
#define PQXX_HAVE_GCC_DEPRECATED 1
#define PQXX_HAVE_GCC_NORETURN 1
#define PQXX_HAVE_GCC_PURE 1
#define PGSTD std
#define PQXX_TR1_HEADERS 1
#define PQXXTR1 std::tr1
#define PQXX_HAVE_IOS 1
#define PQXX_HAVE_STREAMBUF 1
#define PQXX_HAVE_LOCALE 1
#define PQXX_HAVE_IMBUE 1
#define PQXX_HAVE_CHAR_TRAITS 1
#define PQXX_HAVE_CPP_WARNING 1
#define PQXX_HAVE_CPP_PRAGMA_MESSAGE 1
#define STDC_HEADERS 1
#define HAVE_LIBPQ 1
#define HAVE_LIBPQ 1
#define PQXX_HAVE_LO_TELL 1
#define PQXX_HAVE_STRERROR_R 1
#define PQXX_HAVE_STRERROR_R_GNU 1
#define PQXX_HAVE_STRNLEN 1
#define PQXX_HAVE_LONG_LONG 1
#define PQXX_HAVE_LONG_DOUBLE 1
#define PQXX_HAVE_SYS_SELECT_H 1
#define PQXX_HAVE_POLL 1
#define PQXX_SELECT_ACCEPTS_NULL 1
#define PQXX_HAVE_SLEEP 1
#define PQXX_HAVE_PQISTHREADSAFE 1
#define PQXX_HAVE_PQESCAPELITERAL 1
#define PQXX_HAVE_PQUNESCAPEBYTEA_9 1
#define PQXX_HAVE_PQESCAPEIDENTIFIER 1
#define PQXX_HAVE_PQENCRYPTPASSWORD 1
#define PQXX_HAVE_PQMBLEN 1
#define PQXX_HAVE_PQDESCRIBEPORTAL 1
#define PQXX_HAVE_PQCLIENTENCODING 1
#define PQXX_HAVE_PQCANCEL 1
#define PQXX_HAVE_LIMITS 1
#define PQXX_HAVE_QUIET_NAN 1
#define PQXX_HAVE_C_NAN 1
#define PQXX_HAVE_NAN 1
#define PQXX_HAVE_STRING_CLEAR 1
#define PQXX_HAVE_DISTANCE 1
#define PQXX_HAVE_COUNT_IF 1
#define PQXX_HAVE_REVERSE_ITERATOR 1
#define PQXX_HAVE_AUTO_PTR 1
#define PQXX_HAVE_SHARED_PTR 1

configure: exit 0
